# JRE version: Java(TM) SE Runtime Environment (8.0_101-b13) (build 1.8.0_101-b13)
# Java VM: Java HotSpot(TM) 64-Bit Server VM (25.101-b13 mixed mode windows-amd64 compressed oops)
Heap:
 PSYoungGen      total 68096K, used 45382K [0x00000000d5f00000, 0x00000000ddf00000, 0x0000000100000000)
  eden space 62976K, 65% used [0x00000000d5f00000,0x00000000d8756ec8,0x00000000d9c80000)
  from space 5120K, 79% used [0x00000000da500000,0x00000000da8fac18,0x00000000daa00000)
  to   space 8704K, 0% used [0x00000000d9c80000,0x00000000d9c80000,0x00000000da500000)
 ParOldGen       total 50688K, used 5234K [0x0000000081c00000, 0x0000000084d80000, 0x00000000d5f00000)
  object space 50688K, 10% used [0x0000000081c00000,0x000000008211ca18,0x0000000084d80000)
 Metaspace       used 26022K, capacity 26854K, committed 27008K, reserved 1073152K
  class space    used 3431K, capacity 3635K, committed 3712K, reserved 1048576K
GC Heap History (10 events):
Event: 1.535 GC heap before
{Heap before GC invocations=3 (full 0):
 PSYoungGen      total 38400K, used 38106K [0x00000000d5f00000, 0x00000000daa00000, 0x0000000100000000)
  eden space 33280K, 100% used [0x00000000d5f00000,0x00000000d7f80000,0x00000000d7f80000)
  from space 5120K, 94% used [0x00000000d8480000,0x00000000d8936a88,0x00000000d8980000)
  to   space 5120K, 0% used [0x00000000d7f80000,0x00000000d7f80000,0x00000000d8480000)
 ParOldGen       total 87552K, used 16K [0x0000000081c00000, 0x0000000087180000, 0x00000000d5f00000)
  object space 87552K, 0% used [0x0000000081c00000,0x0000000081c04000,0x0000000087180000)
 Metaspace       used 15939K, capacity 16506K, committed 16640K, reserved 1062912K
  class space    used 2107K, capacity 2259K, committed 2304K, reserved 1048576K
Event: 1.545 GC heap after
Heap after GC invocations=3 (full 0):
 PSYoungGen      total 38400K, used 5094K [0x00000000d5f00000, 0x00000000daa00000, 0x0000000100000000)
  eden space 33280K, 0% used [0x00000000d5f00000,0x00000000d5f00000,0x00000000d7f80000)
  from space 5120K, 99% used [0x00000000d7f80000,0x00000000d8479850,0x00000000d8480000)
  to   space 5120K, 0% used [0x00000000da500000,0x00000000da500000,0x00000000daa00000)
 ParOldGen       total 87552K, used 1856K [0x0000000081c00000, 0x0000000087180000, 0x00000000d5f00000)
  object space 87552K, 2% used [0x0000000081c00000,0x0000000081dd00a8,0x0000000087180000)
 Metaspace       used 15939K, capacity 16506K, committed 16640K, reserved 1062912K
  class space    used 2107K, capacity 2259K, committed 2304K, reserved 1048576K
}
Event: 1.828 GC heap before
{Heap before GC invocations=4 (full 0):
 PSYoungGen      total 38400K, used 38374K [0x00000000d5f00000, 0x00000000daa00000, 0x0000000100000000)
  eden space 33280K, 100% used [0x00000000d5f00000,0x00000000d7f80000,0x00000000d7f80000)
  from space 5120K, 99% used [0x00000000d7f80000,0x00000000d8479850,0x00000000d8480000)
  to   space 5120K, 0% used [0x00000000da500000,0x00000000da500000,0x00000000daa00000)
 ParOldGen       total 87552K, used 1856K [0x0000000081c00000, 0x0000000087180000, 0x00000000d5f00000)
  object space 87552K, 2% used [0x0000000081c00000,0x0000000081dd00a8,0x0000000087180000)
 Metaspace       used 19941K, capacity 20560K, committed 20736K, reserved 1067008K
  class space    used 2631K, capacity 2796K, committed 2816K, reserved 1048576K
Event: 1.842 GC heap after
Heap after GC invocations=4 (full 0):
 PSYoungGen      total 71680K, used 5108K [0x00000000d5f00000, 0x00000000daa00000, 0x0000000100000000)
  eden space 66560K, 0% used [0x00000000d5f00000,0x00000000d5f00000,0x00000000da000000)
  from space 5120K, 99% used [0x00000000da500000,0x00000000da9fd028,0x00000000daa00000)
  to   space 5120K, 0% used [0x00000000da000000,0x00000000da000000,0x00000000da500000)
 ParOldGen       total 87552K, used 4800K [0x0000000081c00000, 0x0000000087180000, 0x00000000d5f00000)
  object space 87552K, 5% used [0x0000000081c00000,0x00000000820b0328,0x0000000087180000)
 Metaspace       used 19941K, capacity 20560K, committed 20736K, reserved 1067008K
  class space    used 2631K, capacity 2796K, committed 2816K, reserved 1048576K
}
Event: 1.896 GC heap before
{Heap before GC invocations=5 (full 0):
 PSYoungGen      total 71680K, used 13263K [0x00000000d5f00000, 0x00000000daa00000, 0x0000000100000000)
  eden space 66560K, 12% used [0x00000000d5f00000,0x00000000d66f6dd8,0x00000000da000000)
  from space 5120K, 99% used [0x00000000da500000,0x00000000da9fd028,0x00000000daa00000)
  to   space 5120K, 0% used [0x00000000da000000,0x00000000da000000,0x00000000da500000)
 ParOldGen       total 87552K, used 4800K [0x0000000081c00000, 0x0000000087180000, 0x00000000d5f00000)
  object space 87552K, 5% used [0x0000000081c00000,0x00000000820b0328,0x0000000087180000)
 Metaspace       used 20657K, capacity 21232K, committed 21296K, reserved 1067008K
  class space    used 2725K, capacity 2892K, committed 2944K, reserved 1048576K
Event: 1.904 GC heap after
Heap after GC invocations=5 (full 0):
 PSYoungGen      total 71680K, used 5101K [0x00000000d5f00000, 0x00000000daa00000, 0x0000000100000000)
  eden space 66560K, 0% used [0x00000000d5f00000,0x00000000d5f00000,0x00000000da000000)
  from space 5120K, 99% used [0x00000000da000000,0x00000000da4fb400,0x00000000da500000)
  to   space 5120K, 0% used [0x00000000da500000,0x00000000da500000,0x00000000daa00000)
 ParOldGen       total 87552K, used 5025K [0x0000000081c00000, 0x0000000087180000, 0x00000000d5f00000)
  object space 87552K, 5% used [0x0000000081c00000,0x00000000820e8410,0x0000000087180000)
 Metaspace       used 20657K, capacity 21232K, committed 21296K, reserved 1067008K
  class space    used 2725K, capacity 2892K, committed 2944K, reserved 1048576K
}
Event: 1.904 GC heap before
{Heap before GC invocations=6 (full 1):
 PSYoungGen      total 71680K, used 5101K [0x00000000d5f00000, 0x00000000daa00000, 0x0000000100000000)
  eden space 66560K, 0% used [0x00000000d5f00000,0x00000000d5f00000,0x00000000da000000)
  from space 5120K, 99% used [0x00000000da000000,0x00000000da4fb400,0x00000000da500000)
  to   space 5120K, 0% used [0x00000000da500000,0x00000000da500000,0x00000000daa00000)
 ParOldGen       total 87552K, used 5025K [0x0000000081c00000, 0x0000000087180000, 0x00000000d5f00000)
  object space 87552K, 5% used [0x0000000081c00000,0x00000000820e8410,0x0000000087180000)
 Metaspace       used 20657K, capacity 21232K, committed 21296K, reserved 1067008K
  class space    used 2725K, capacity 2892K, committed 2944K, reserved 1048576K
Event: 1.939 GC heap after
Heap after GC invocations=6 (full 1):
 PSYoungGen      total 71680K, used 0K [0x00000000d5f00000, 0x00000000daa00000, 0x0000000100000000)
  eden space 66560K, 0% used [0x00000000d5f00000,0x00000000d5f00000,0x00000000da000000)
  from space 5120K, 0% used [0x00000000da000000,0x00000000da000000,0x00000000da500000)
  to   space 5120K, 0% used [0x00000000da500000,0x00000000da500000,0x00000000daa00000)
 ParOldGen       total 50688K, used 5226K [0x0000000081c00000, 0x0000000084d80000, 0x00000000d5f00000)
  object space 50688K, 10% used [0x0000000081c00000,0x000000008211aa18,0x0000000084d80000)
 Metaspace       used 20655K, capacity 21226K, committed 21296K, reserved 1067008K
  class space    used 2724K, capacity 2891K, committed 2944K, reserved 1048576K
}
Event: 2.570 GC heap before
{Heap before GC invocations=7 (full 1):
 PSYoungGen      total 71680K, used 66560K [0x00000000d5f00000, 0x00000000daa00000, 0x0000000100000000)
  eden space 66560K, 100% used [0x00000000d5f00000,0x00000000da000000,0x00000000da000000)
  from space 5120K, 0% used [0x00000000da000000,0x00000000da000000,0x00000000da500000)
  to   space 5120K, 0% used [0x00000000da500000,0x00000000da500000,0x00000000daa00000)
 ParOldGen       total 50688K, used 5226K [0x0000000081c00000, 0x0000000084d80000, 0x00000000d5f00000)
  object space 50688K, 10% used [0x0000000081c00000,0x000000008211aa18,0x0000000084d80000)
 Metaspace       used 23382K, capacity 24130K, committed 24320K, reserved 1071104K
  class space    used 3056K, capacity 3267K, committed 3328K, reserved 1048576K
Event: 2.578 GC heap after
Heap after GC invocations=7 (full 1):
 PSYoungGen      total 68096K, used 4075K [0x00000000d5f00000, 0x00000000ddf00000, 0x0000000100000000)
  eden space 62976K, 0% used [0x00000000d5f00000,0x00000000d5f00000,0x00000000d9c80000)
  from space 5120K, 79% used [0x00000000da500000,0x00000000da8fac18,0x00000000daa00000)
  to   space 8704K, 0% used [0x00000000d9c80000,0x00000000d9c80000,0x00000000da500000)
 ParOldGen       total 50688K, used 5234K [0x0000000081c00000, 0x0000000084d80000, 0x00000000d5f00000)
  object space 50688K, 10% used [0x0000000081c00000,0x000000008211ca18,0x0000000084d80000)
 Metaspace       used 23382K, capacity 24130K, committed 24320K, reserved 1071104K
  class space    used 3056K, capacity 3267K, committed 3328K, reserved 1048576K
}

