# JRE version: Java(TM) SE Runtime Environment (8.0_101-b13) (build 1.8.0_101-b13)
# Java VM: Java HotSpot(TM) 64-Bit Server VM (25.101-b13 mixed mode windows-amd64 compressed oops)
Heap:
 PSYoungGen      total 117248K, used 83086K [0x00000000d5f00000, 0x00000000ded80000, 0x0000000100000000)
  eden space 113152K, 73% used [0x00000000d5f00000,0x00000000db023888,0x00000000dcd80000)
  from space 4096K, 0% used [0x00000000de980000,0x00000000de980000,0x00000000ded80000)
  to   space 8704K, 0% used [0x00000000ddc80000,0x00000000ddc80000,0x00000000de500000)
 ParOldGen       total 88576K, used 18971K [0x0000000081c00000, 0x0000000087280000, 0x00000000d5f00000)
  object space 88576K, 21% used [0x0000000081c00000,0x0000000082e86ef8,0x0000000087280000)
 Metaspace       used 44698K, capacity 46236K, committed 46592K, reserved 1089536K
  class space    used 5997K, capacity 6290K, committed 6400K, reserved 1048576K
GC Heap History (10 events):
Event: 1.809 GC heap before
{Heap before GC invocations=6 (full 1):
 PSYoungGen      total 71680K, used 5105K [0x00000000d5f00000, 0x00000000df200000, 0x0000000100000000)
  eden space 66560K, 0% used [0x00000000d5f00000,0x00000000d5f00000,0x00000000da000000)
  from space 5120K, 99% used [0x00000000da000000,0x00000000da4fc7f8,0x00000000da500000)
  to   space 8704K, 0% used [0x00000000de980000,0x00000000de980000,0x00000000df200000)
 ParOldGen       total 87552K, used 4967K [0x0000000081c00000, 0x0000000087180000, 0x00000000d5f00000)
  object space 87552K, 5% used [0x0000000081c00000,0x00000000820d9ea0,0x0000000087180000)
 Metaspace       used 20564K, capacity 21170K, committed 21296K, reserved 1067008K
  class space    used 2702K, capacity 2871K, committed 2944K, reserved 1048576K
Event: 1.841 GC heap after
Heap after GC invocations=6 (full 1):
 PSYoungGen      total 71680K, used 0K [0x00000000d5f00000, 0x00000000df200000, 0x0000000100000000)
  eden space 66560K, 0% used [0x00000000d5f00000,0x00000000d5f00000,0x00000000da000000)
  from space 5120K, 0% used [0x00000000da000000,0x00000000da000000,0x00000000da500000)
  to   space 8704K, 0% used [0x00000000de980000,0x00000000de980000,0x00000000df200000)
 ParOldGen       total 50688K, used 5177K [0x0000000081c00000, 0x0000000084d80000, 0x00000000d5f00000)
  object space 50688K, 10% used [0x0000000081c00000,0x000000008210e468,0x0000000084d80000)
 Metaspace       used 20563K, capacity 21164K, committed 21296K, reserved 1067008K
  class space    used 2701K, capacity 2870K, committed 2944K, reserved 1048576K
}
Event: 2.436 GC heap before
{Heap before GC invocations=7 (full 1):
 PSYoungGen      total 71680K, used 66553K [0x00000000d5f00000, 0x00000000df200000, 0x0000000100000000)
  eden space 66560K, 99% used [0x00000000d5f00000,0x00000000d9ffe738,0x00000000da000000)
  from space 5120K, 0% used [0x00000000da000000,0x00000000da000000,0x00000000da500000)
  to   space 8704K, 0% used [0x00000000de980000,0x00000000de980000,0x00000000df200000)
 ParOldGen       total 50688K, used 5177K [0x0000000081c00000, 0x0000000084d80000, 0x00000000d5f00000)
  object space 50688K, 10% used [0x0000000081c00000,0x000000008210e468,0x0000000084d80000)
 Metaspace       used 23367K, capacity 24130K, committed 24320K, reserved 1071104K
  class space    used 3049K, capacity 3267K, committed 3328K, reserved 1048576K
Event: 2.443 GC heap after
Heap after GC invocations=7 (full 1):
 PSYoungGen      total 117248K, used 4038K [0x00000000d5f00000, 0x00000000ded80000, 0x0000000100000000)
  eden space 113152K, 0% used [0x00000000d5f00000,0x00000000d5f00000,0x00000000dcd80000)
  from space 4096K, 98% used [0x00000000de980000,0x00000000ded718f8,0x00000000ded80000)
  to   space 8704K, 0% used [0x00000000ddc80000,0x00000000ddc80000,0x00000000de500000)
 ParOldGen       total 50688K, used 5249K [0x0000000081c00000, 0x0000000084d80000, 0x00000000d5f00000)
  object space 50688K, 10% used [0x0000000081c00000,0x0000000082120478,0x0000000084d80000)
 Metaspace       used 23367K, capacity 24130K, committed 24320K, reserved 1071104K
  class space    used 3049K, capacity 3267K, committed 3328K, reserved 1048576K
}
Event: 4.612 GC heap before
{Heap before GC invocations=8 (full 1):
 PSYoungGen      total 117248K, used 117190K [0x00000000d5f00000, 0x00000000ded80000, 0x0000000100000000)
  eden space 113152K, 100% used [0x00000000d5f00000,0x00000000dcd80000,0x00000000dcd80000)
  from space 4096K, 98% used [0x00000000de980000,0x00000000ded718f8,0x00000000ded80000)
  to   space 8704K, 0% used [0x00000000ddc80000,0x00000000ddc80000,0x00000000de500000)
 ParOldGen       total 50688K, used 5249K [0x0000000081c00000, 0x0000000084d80000, 0x00000000d5f00000)
  object space 50688K, 10% used [0x0000000081c00000,0x0000000082120478,0x0000000084d80000)
 Metaspace       used 32054K, capacity 33410K, committed 33792K, reserved 1079296K
  class space    used 4201K, capacity 4485K, committed 4608K, reserved 1048576K
Event: 4.639 GC heap after
Heap after GC invocations=8 (full 1):
 PSYoungGen      total 121856K, used 8678K [0x00000000d5f00000, 0x00000000ded80000, 0x0000000100000000)
  eden space 113152K, 0% used [0x00000000d5f00000,0x00000000d5f00000,0x00000000dcd80000)
  from space 8704K, 99% used [0x00000000ddc80000,0x00000000de4f9b50,0x00000000de500000)
  to   space 4096K, 0% used [0x00000000de980000,0x00000000de980000,0x00000000ded80000)
 ParOldGen       total 50688K, used 14008K [0x0000000081c00000, 0x0000000084d80000, 0x00000000d5f00000)
  object space 50688K, 27% used [0x0000000081c00000,0x00000000829ae3b0,0x0000000084d80000)
 Metaspace       used 32054K, capacity 33410K, committed 33792K, reserved 1079296K
  class space    used 4201K, capacity 4485K, committed 4608K, reserved 1048576K
}
Event: 5.435 GC heap before
{Heap before GC invocations=9 (full 1):
 PSYoungGen      total 121856K, used 92136K [0x00000000d5f00000, 0x00000000ded80000, 0x0000000100000000)
  eden space 113152K, 73% used [0x00000000d5f00000,0x00000000db0806e0,0x00000000dcd80000)
  from space 8704K, 99% used [0x00000000ddc80000,0x00000000de4f9b50,0x00000000de500000)
  to   space 4096K, 0% used [0x00000000de980000,0x00000000de980000,0x00000000ded80000)
 ParOldGen       total 50688K, used 14008K [0x0000000081c00000, 0x0000000084d80000, 0x00000000d5f00000)
  object space 50688K, 27% used [0x0000000081c00000,0x00000000829ae3b0,0x0000000084d80000)
 Metaspace       used 33988K, capacity 35372K, committed 35456K, reserved 1079296K
  class space    used 4440K, capacity 4714K, committed 4736K, reserved 1048576K
Event: 5.457 GC heap after
Heap after GC invocations=9 (full 1):
 PSYoungGen      total 117248K, used 4064K [0x00000000d5f00000, 0x00000000ded80000, 0x0000000100000000)
  eden space 113152K, 0% used [0x00000000d5f00000,0x00000000d5f00000,0x00000000dcd80000)
  from space 4096K, 99% used [0x00000000de980000,0x00000000ded78020,0x00000000ded80000)
  to   space 8704K, 0% used [0x00000000ddc80000,0x00000000ddc80000,0x00000000de500000)
 ParOldGen       total 50688K, used 21860K [0x0000000081c00000, 0x0000000084d80000, 0x00000000d5f00000)
  object space 50688K, 43% used [0x0000000081c00000,0x0000000083159128,0x0000000084d80000)
 Metaspace       used 33988K, capacity 35372K, committed 35456K, reserved 1079296K
  class space    used 4440K, capacity 4714K, committed 4736K, reserved 1048576K
}
Event: 5.457 GC heap before
{Heap before GC invocations=10 (full 2):
 PSYoungGen      total 117248K, used 4064K [0x00000000d5f00000, 0x00000000ded80000, 0x0000000100000000)
  eden space 113152K, 0% used [0x00000000d5f00000,0x00000000d5f00000,0x00000000dcd80000)
  from space 4096K, 99% used [0x00000000de980000,0x00000000ded78020,0x00000000ded80000)
  to   space 8704K, 0% used [0x00000000ddc80000,0x00000000ddc80000,0x00000000de500000)
 ParOldGen       total 50688K, used 21860K [0x0000000081c00000, 0x0000000084d80000, 0x00000000d5f00000)
  object space 50688K, 43% used [0x0000000081c00000,0x0000000083159128,0x0000000084d80000)
 Metaspace       used 33988K, capacity 35372K, committed 35456K, reserved 1079296K
  class space    used 4440K, capacity 4714K, committed 4736K, reserved 1048576K
Event: 5.571 GC heap after
Heap after GC invocations=10 (full 2):
 PSYoungGen      total 117248K, used 0K [0x00000000d5f00000, 0x00000000ded80000, 0x0000000100000000)
  eden space 113152K, 0% used [0x00000000d5f00000,0x00000000d5f00000,0x00000000dcd80000)
  from space 4096K, 0% used [0x00000000de980000,0x00000000de980000,0x00000000ded80000)
  to   space 8704K, 0% used [0x00000000ddc80000,0x00000000ddc80000,0x00000000de500000)
 ParOldGen       total 88576K, used 18971K [0x0000000081c00000, 0x0000000087280000, 0x00000000d5f00000)
  object space 88576K, 21% used [0x0000000081c00000,0x0000000082e86ef8,0x0000000087280000)
 Metaspace       used 33988K, capacity 35372K, committed 35456K, reserved 1079296K
  class space    used 4440K, capacity 4714K, committed 4736K, reserved 1048576K
}

