# JRE version: Java(TM) SE Runtime Environment (8.0_101-b13) (build 1.8.0_101-b13)
# Java VM: Java HotSpot(TM) 64-Bit Server VM (25.101-b13 mixed mode windows-amd64 compressed oops)
Heap:
 PSYoungGen      total 118784K, used 25711K [0x00000000d5f00000, 0x00000000ded80000, 0x0000000100000000)
  eden space 114688K, 22% used [0x00000000d5f00000,0x00000000d781bc98,0x00000000dcf00000)
  from space 4096K, 0% used [0x00000000de980000,0x00000000de980000,0x00000000ded80000)
  to   space 8704K, 0% used [0x00000000ddc80000,0x00000000ddc80000,0x00000000de500000)
 ParOldGen       total 88064K, used 19015K [0x0000000081c00000, 0x0000000087200000, 0x00000000d5f00000)
  object space 88064K, 21% used [0x0000000081c00000,0x0000000082e91df8,0x0000000087200000)
 Metaspace       used 38539K, capacity 40010K, committed 40192K, reserved 1083392K
  class space    used 4958K, capacity 5269K, committed 5376K, reserved 1048576K
GC Heap History (10 events):
Event: 1.742 GC heap before
{Heap before GC invocations=6 (full 1):
 PSYoungGen      total 71680K, used 5089K [0x00000000d5f00000, 0x00000000df200000, 0x0000000100000000)
  eden space 66560K, 0% used [0x00000000d5f00000,0x00000000d5f00000,0x00000000da000000)
  from space 5120K, 99% used [0x00000000da000000,0x00000000da4f87e0,0x00000000da500000)
  to   space 8704K, 0% used [0x00000000de980000,0x00000000de980000,0x00000000df200000)
 ParOldGen       total 87552K, used 4975K [0x0000000081c00000, 0x0000000087180000, 0x00000000d5f00000)
  object space 87552K, 5% used [0x0000000081c00000,0x00000000820dbfa0,0x0000000087180000)
 Metaspace       used 20625K, capacity 21232K, committed 21296K, reserved 1067008K
  class space    used 2719K, capacity 2892K, committed 2944K, reserved 1048576K
Event: 1.777 GC heap after
Heap after GC invocations=6 (full 1):
 PSYoungGen      total 71680K, used 0K [0x00000000d5f00000, 0x00000000df200000, 0x0000000100000000)
  eden space 66560K, 0% used [0x00000000d5f00000,0x00000000d5f00000,0x00000000da000000)
  from space 5120K, 0% used [0x00000000da000000,0x00000000da000000,0x00000000da500000)
  to   space 8704K, 0% used [0x00000000de980000,0x00000000de980000,0x00000000df200000)
 ParOldGen       total 50176K, used 5114K [0x0000000081c00000, 0x0000000084d00000, 0x00000000d5f00000)
  object space 50176K, 10% used [0x0000000081c00000,0x00000000820fe8d8,0x0000000084d00000)
 Metaspace       used 20623K, capacity 21226K, committed 21296K, reserved 1067008K
  class space    used 2718K, capacity 2891K, committed 2944K, reserved 1048576K
}
Event: 2.337 GC heap before
{Heap before GC invocations=7 (full 1):
 PSYoungGen      total 71680K, used 66560K [0x00000000d5f00000, 0x00000000df200000, 0x0000000100000000)
  eden space 66560K, 100% used [0x00000000d5f00000,0x00000000da000000,0x00000000da000000)
  from space 5120K, 0% used [0x00000000da000000,0x00000000da000000,0x00000000da500000)
  to   space 8704K, 0% used [0x00000000de980000,0x00000000de980000,0x00000000df200000)
 ParOldGen       total 50176K, used 5114K [0x0000000081c00000, 0x0000000084d00000, 0x00000000d5f00000)
  object space 50176K, 10% used [0x0000000081c00000,0x00000000820fe8d8,0x0000000084d00000)
 Metaspace       used 23346K, capacity 24098K, committed 24320K, reserved 1071104K
  class space    used 3049K, capacity 3235K, committed 3328K, reserved 1048576K
Event: 2.343 GC heap after
Heap after GC invocations=7 (full 1):
 PSYoungGen      total 118784K, used 4095K [0x00000000d5f00000, 0x00000000ded80000, 0x0000000100000000)
  eden space 114688K, 0% used [0x00000000d5f00000,0x00000000d5f00000,0x00000000dcf00000)
  from space 4096K, 99% used [0x00000000de980000,0x00000000ded7fd48,0x00000000ded80000)
  to   space 8704K, 0% used [0x00000000ddc80000,0x00000000ddc80000,0x00000000de500000)
 ParOldGen       total 50176K, used 5122K [0x0000000081c00000, 0x0000000084d00000, 0x00000000d5f00000)
  object space 50176K, 10% used [0x0000000081c00000,0x00000000821008d8,0x0000000084d00000)
 Metaspace       used 23346K, capacity 24098K, committed 24320K, reserved 1071104K
  class space    used 3049K, capacity 3235K, committed 3328K, reserved 1048576K
}
Event: 4.482 GC heap before
{Heap before GC invocations=8 (full 1):
 PSYoungGen      total 118784K, used 118783K [0x00000000d5f00000, 0x00000000ded80000, 0x0000000100000000)
  eden space 114688K, 100% used [0x00000000d5f00000,0x00000000dcf00000,0x00000000dcf00000)
  from space 4096K, 99% used [0x00000000de980000,0x00000000ded7fd48,0x00000000ded80000)
  to   space 8704K, 0% used [0x00000000ddc80000,0x00000000ddc80000,0x00000000de500000)
 ParOldGen       total 50176K, used 5122K [0x0000000081c00000, 0x0000000084d00000, 0x00000000d5f00000)
  object space 50176K, 10% used [0x0000000081c00000,0x00000000821008d8,0x0000000084d00000)
 Metaspace       used 32087K, capacity 33482K, committed 33792K, reserved 1079296K
  class space    used 4203K, capacity 4485K, committed 4608K, reserved 1048576K
Event: 4.506 GC heap after
Heap after GC invocations=8 (full 1):
 PSYoungGen      total 123392K, used 8694K [0x00000000d5f00000, 0x00000000ded80000, 0x0000000100000000)
  eden space 114688K, 0% used [0x00000000d5f00000,0x00000000d5f00000,0x00000000dcf00000)
  from space 8704K, 99% used [0x00000000ddc80000,0x00000000de4fdba0,0x00000000de500000)
  to   space 4096K, 0% used [0x00000000de980000,0x00000000de980000,0x00000000ded80000)
 ParOldGen       total 50176K, used 13985K [0x0000000081c00000, 0x0000000084d00000, 0x00000000d5f00000)
  object space 50176K, 27% used [0x0000000081c00000,0x00000000829a84e0,0x0000000084d00000)
 Metaspace       used 32087K, capacity 33482K, committed 33792K, reserved 1079296K
  class space    used 4203K, capacity 4485K, committed 4608K, reserved 1048576K
}
Event: 5.194 GC heap before
{Heap before GC invocations=9 (full 1):
 PSYoungGen      total 123392K, used 91962K [0x00000000d5f00000, 0x00000000ded80000, 0x0000000100000000)
  eden space 114688K, 72% used [0x00000000d5f00000,0x00000000db050f48,0x00000000dcf00000)
  from space 8704K, 99% used [0x00000000ddc80000,0x00000000de4fdba0,0x00000000de500000)
  to   space 4096K, 0% used [0x00000000de980000,0x00000000de980000,0x00000000ded80000)
 ParOldGen       total 50176K, used 13985K [0x0000000081c00000, 0x0000000084d00000, 0x00000000d5f00000)
  object space 50176K, 27% used [0x0000000081c00000,0x00000000829a84e0,0x0000000084d00000)
 Metaspace       used 33993K, capacity 35384K, committed 35456K, reserved 1079296K
  class space    used 4442K, capacity 4714K, committed 4736K, reserved 1048576K
Event: 5.213 GC heap after
Heap after GC invocations=9 (full 1):
 PSYoungGen      total 118784K, used 4081K [0x00000000d5f00000, 0x00000000ded80000, 0x0000000100000000)
  eden space 114688K, 0% used [0x00000000d5f00000,0x00000000d5f00000,0x00000000dcf00000)
  from space 4096K, 99% used [0x00000000de980000,0x00000000ded7c580,0x00000000ded80000)
  to   space 8704K, 0% used [0x00000000ddc80000,0x00000000ddc80000,0x00000000de500000)
 ParOldGen       total 50176K, used 21820K [0x0000000081c00000, 0x0000000084d00000, 0x00000000d5f00000)
  object space 50176K, 43% used [0x0000000081c00000,0x000000008314f250,0x0000000084d00000)
 Metaspace       used 33993K, capacity 35384K, committed 35456K, reserved 1079296K
  class space    used 4442K, capacity 4714K, committed 4736K, reserved 1048576K
}
Event: 5.213 GC heap before
{Heap before GC invocations=10 (full 2):
 PSYoungGen      total 118784K, used 4081K [0x00000000d5f00000, 0x00000000ded80000, 0x0000000100000000)
  eden space 114688K, 0% used [0x00000000d5f00000,0x00000000d5f00000,0x00000000dcf00000)
  from space 4096K, 99% used [0x00000000de980000,0x00000000ded7c580,0x00000000ded80000)
  to   space 8704K, 0% used [0x00000000ddc80000,0x00000000ddc80000,0x00000000de500000)
 ParOldGen       total 50176K, used 21820K [0x0000000081c00000, 0x0000000084d00000, 0x00000000d5f00000)
  object space 50176K, 43% used [0x0000000081c00000,0x000000008314f250,0x0000000084d00000)
 Metaspace       used 33993K, capacity 35384K, committed 35456K, reserved 1079296K
  class space    used 4442K, capacity 4714K, committed 4736K, reserved 1048576K
Event: 5.340 GC heap after
Heap after GC invocations=10 (full 2):
 PSYoungGen      total 118784K, used 0K [0x00000000d5f00000, 0x00000000ded80000, 0x0000000100000000)
  eden space 114688K, 0% used [0x00000000d5f00000,0x00000000d5f00000,0x00000000dcf00000)
  from space 4096K, 0% used [0x00000000de980000,0x00000000de980000,0x00000000ded80000)
  to   space 8704K, 0% used [0x00000000ddc80000,0x00000000ddc80000,0x00000000de500000)
 ParOldGen       total 88064K, used 19015K [0x0000000081c00000, 0x0000000087200000, 0x00000000d5f00000)
  object space 88064K, 21% used [0x0000000081c00000,0x0000000082e91df8,0x0000000087200000)
 Metaspace       used 33993K, capacity 35384K, committed 35456K, reserved 1079296K
  class space    used 4442K, capacity 4714K, committed 4736K, reserved 1048576K
}

